<?xml version="1.0" encoding="UTF-8"?>
<testsuites name="jest tests" tests="15" failures="0" errors="0" time="14.305">
  <testsuite name="DeploymentEngine" errors="0" failures="0" skipped="0" timestamp="2025-08-11T22:09:19" time="8.572" tests="15">
    <testcase classname="DeploymentEngine › Constructor and Initialization" name="should initialize with correct dependencies" time="0.004">
    </testcase>
    <testcase classname="DeploymentEngine › Constructor and Initialization" name="should initialize deployers when OAuth client is available" time="0.001">
    </testcase>
    <testcase classname="DeploymentEngine › Constructor and Initialization" name="should handle missing OAuth client gracefully" time="0.001">
    </testcase>
    <testcase classname="DeploymentEngine › startDeployment" name="should start a new deployment with valid config" time="0.002">
    </testcase>
    <testcase classname="DeploymentEngine › startDeployment" name="should initialize deployers before starting deployment" time="0.002">
    </testcase>
    <testcase classname="DeploymentEngine › startDeployment" name="should reset pause state when starting new deployment" time="0.001">
    </testcase>
    <testcase classname="DeploymentEngine › startDeployment" name="should emit progress events during deployment" time="0.002">
    </testcase>
    <testcase classname="DeploymentEngine › resumeDeployment" name="should resume an existing deployment" time="0.001">
    </testcase>
    <testcase classname="DeploymentEngine › resumeDeployment" name="should throw error if deployment not found" time="0.025">
    </testcase>
    <testcase classname="DeploymentEngine › resumeDeployment" name="should throw error if deployment ID does not match" time="0.001">
    </testcase>
    <testcase classname="DeploymentEngine › pauseDeployment" name="should pause deployment and emit progress event" time="0.001">
    </testcase>
    <testcase classname="DeploymentEngine › Error Handling" name="should handle deployment errors gracefully" time="0.001">
    </testcase>
    <testcase classname="DeploymentEngine › Error Handling" name="should handle OAuth refresh errors" time="0.001">
    </testcase>
    <testcase classname="DeploymentEngine › Event Emissions" name="should emit correct events during deployment lifecycle" time="0.001">
    </testcase>
    <testcase classname="DeploymentEngine › Service Account Propagation Handling" name="should handle IAM propagation delays correctly" time="0.002">
    </testcase>
  </testsuite>
</testsuites>